#
# A fatal error has been detected by the Java Runtime Environment:
#
#  EXCEPTION_ACCESS_VIOLATION (0xc0000005) at pc=0x00000249a6e5ed0f, pid=3900, tid=9484
#
# JRE version: OpenJDK Runtime Environment (11.0.4+11) (build 11.0.4+11-LTS)
# Java VM: OpenJDK 64-Bit Server VM (11.0.4+11-LTS, mixed mode, tiered, compressed oops, g1 gc, windows-amd64)
# Problematic frame:
# J 52 c1 java.lang.String.startsWith(Ljava/lang/String;I)Z java.base@11.0.4 (138 bytes) @ 0x00000249a6e5ed0f [0x00000249a6e5ec40+0x00000000000000cf]
#
# No core dump will be written. Minidumps are not enabled by default on client versions of Windows
#
# If you would like to submit a bug report, please visit:
#   http://bugreport.java.com/bugreport/crash.jsp
#

---------------  S U M M A R Y ------------

Command Line: -Dcom.sun.management.jmxremote -Dcom.sun.management.jmxremote.port=60173 -Dcom.sun.management.jmxremote.authenticate=false -Dcom.sun.management.jmxremote.ssl=false -Djava.rmi.server.hostname=localhost -Dspring.jmx.enabled=true -Dspring.application.admin.enabled=true -Xverify:none -XX:TieredStopAtLevel=1 -Dfile.encoding=UTF-8 pets.PetCloudApplication --spring.output.ansi.enabled=always

Host: AMD Ryzen 5 1400 Quad-Core Processor           , 8 cores, 7G,  Windows 10 , 64 bit Build 17134 (10.0.17134.753)
Time: Wed Aug 14 13:50:07 2019 South Africa Standard Time elapsed time: 4 seconds (0d 0h 0m 4s)

---------------  T H R E A D  ---------------

Current thread (0x00000249bf53c000):  JavaThread "restartedMain" [_thread_in_Java, id=9484, stack(0x000000dad7100000,0x000000dad7200000)]

Stack: [0x000000dad7100000,0x000000dad7200000],  sp=0x000000dad71fb900,  free space=1006k
Native frames: (J=compiled Java code, j=interpreted, Vv=VM code, C=native code)
C  0x00000249a6e5ed0f


siginfo: EXCEPTION_ACCESS_VIOLATION (0xc0000005), reading address 0xffffffffffffffff


Register to memory mapping:

RIP=0x00000249a6e5ed0f is at entry_point+207 in (nmethod*)0x00000249a6e5ea90
RAX=0x000000008a1f0f98 is an oop: [B 
{0x000000008a1f0f98} - klass: {type array byte}
 - length: 205
RBX=0x000000000000003d is an unknown value
RCX=0x000000000000003c is an unknown value
RDX=0x0000000000000065 is an unknown value
RSP=0x000000dad71fb900 is pointing into the stack for thread: 0x00000249bf53c000
RBP=0x000000dad71fbd50 is pointing into the stack for thread: 0x00000249bf53c000
RSI=0x00000000000000cd is an unknown value
RDI=0x000000000000003c is an unknown value
R8 =0x0000000000000087 is an unknown value
R9 =0x000000000000003c is an unknown value
R10=0x000002499c731000 points into unknown readable memory: 00 00 00 00 00 00 00 00
R11=0x000000008a1f0cb8 is an oop: [B 
{0x000000008a1f0cb8} - klass: {type array byte}
 - length: 135
R12=0x0 is NULL
R13=0x0000000000000046 is an unknown value
R14=0x0000000000000087 is an unknown value
R15=0x00000249bf53c000 is a thread


Registers:
RAX=0x000000008a1f0f98, RBX=0x000000000000003d, RCX=0x000000000000003c, RDX=0x0000000000000065
RSP=0x000000dad71fb900, RBP=0x000000dad71fbd50, RSI=0x00000000000000cd, RDI=0x000000000000003c
R8 =0x0000000000000087, R9 =0x000000000000003c, R10=0x000002499c731000, R11=0x000000008a1f0cb8
R12=0x0000000000000000, R13=0x0000000000000046, R14=0x0000000000000087, R15=0x00000249bf53c000
RIP=0x00000249a6e5ed0f, EFLAGS=0x0000000000010202

Top of Stack: (sp=0x000000dad71fb900)
0x000000dad71fb900:   000000dad71fbd50 00000249a6f48f94
0x000000dad71fb910:   000000dad71fbd50 00000249a6fa5f0c
0x000000dad71fb920:   0000000000000001 00007ffd56965cf9
0x000000dad71fb930:   0000000080cb5778 000000008a1f06c0
0x000000dad71fb940:   000000008a1eda90 000000008a1e87b0
0x000000dad71fb950:   000000dad71fbd50 00000249a6fca60c
0x000000dad71fb960:   000000dad71fbba0 00000249a72668f4
0x000000dad71fb970:   00000249c0f637e0 00000000ffffffff
0x000000dad71fb980:   0000000000000000 00000249c019c270
0x000000dad71fb990:   00000249bf53c000 000000dac0dd0090
0x000000dad71fb9a0:   000000dac0dd16f8 00000249c0f73e80
0x000000dad71fb9b0:   00000249c0f7e708 00007ffd56c9fdb6
0x000000dad71fb9c0:   000000dad71fbd50 00000249a6fe66b4
0x000000dad71fb9d0:   000002499e097dc0 00007ffd56cda4e5
0x000000dad71fb9e0:   00000249bf53c000 0000000084c19538
0x000000dad71fb9f0:   000000008a1eda90 000000008a1f09c0 

Instructions: (pc=0x00000249a6e5ed0f)
0x00000249a6e5ec0f:   b0 15 b0 15 b0 15 b0 15 b0 04 64 05 64 05 64 0e
0x00000249a6e5ec1f:   64 35 64 15 00 00 64 03 f8 f1 56 40 5e fd 7f 5b
0x00000249a6e5ec2f:   70 60 f0 0a 80 11 60 01 f8 f2 fd 0e 90 0c 64 00
0x00000249a6e5ec3f:   00 44 8b 52 08 49 c1 e2 03 4c 3b d0 0f 85 af 85
0x00000249a6e5ec4f:   8d ff 0f 1f 84 00 00 00 00 00 0f 1f 80 00 00 00
0x00000249a6e5ec5f:   00 89 84 24 00 90 ff ff 55 48 83 ec 50 41 83 f9
0x00000249a6e5ec6f:   00 0f 8c 93 01 00 00 8b 42 0c 8b 70 0c 0f be 7a
0x00000249a6e5ec7f:   14 48 8b cf c1 e1 18 48 8b d9 c1 fb 18 45 8b 58
0x00000249a6e5ec8f:   0c 48 8b cb 4c 8b ee 41 d3 fd 45 8b 73 0c 41 0f
0x00000249a6e5ec9f:   be 48 14 c1 e1 18 48 8b d1 c1 fa 18 48 8b ca 4d
0x00000249a6e5ecaf:   8b c6 41 d3 f8 45 2b e8 45 3b cd 0f 8f 49 01 00
0x00000249a6e5ecbf:   00 3b da 0f 85 78 00 00 00 83 ff 00 bf 00 00 00
0x00000249a6e5eccf:   00 0f 85 05 00 00 00 bf 01 00 00 00 83 e7 01 83
0x00000249a6e5ecdf:   ff 00 0f 85 03 00 00 00 41 d1 e1 bf 00 00 00 00
0x00000249a6e5ecef:   e9 41 00 00 00 0f 1f 40 00 49 8b d9 ff c3 41 3b
0x00000249a6e5ecff:   f1 0f 86 27 01 00 00 4d 63 c9 42 0f be 54 08 10
0x00000249a6e5ed0f:   48 8b cf ff c1 48 63 ff 41 0f be 7c 3b 10 4d 8b
0x00000249a6e5ed1f:   97 08 01 00 00 41 85 02 3b d7 0f 85 b0 00 00 00
0x00000249a6e5ed2f:   4c 8b cb 48 8b f9 41 3b fe 0f 8d b6 00 00 00 eb
0x00000249a6e5ed3f:   b8 83 ff 00 be 00 00 00 00 0f 85 05 00 00 00 be
0x00000249a6e5ed4f:   01 00 00 00 83 e6 01 83 fe 00 0f 85 6b 00 00 00
0x00000249a6e5ed5f:   be 00 00 00 00 e9 41 00 00 00 0f 1f 80 00 00 00
0x00000249a6e5ed6f:   00 49 8b f9 ff c7 4d 63 c9 42 0f b7 5c 48 10 48
0x00000249a6e5ed7f:   8b d6 ff c2 48 63 f6 41 0f be 74 33 10 81 e6 ff
0x00000249a6e5ed8f:   00 00 00 4d 8b 97 08 01 00 00 41 85 02 3b de 0f
0x00000249a6e5ed9f:   85 11 00 00 00 48 8b f2 4c 8b cf 41 3b f6 0f 8d
0x00000249a6e5edaf:   41 00 00 00 eb bb b8 00 00 00 00 48 83 c4 50 5d
0x00000249a6e5edbf:   4d 8b 97 08 01 00 00 41 85 02 c3 b8 00 00 00 00
0x00000249a6e5edcf:   48 83 c4 50 5d 4d 8b 97 08 01 00 00 41 85 02 c3
0x00000249a6e5eddf:   b8 00 00 00 00 48 83 c4 50 5d 4d 8b 97 08 01 00
0x00000249a6e5edef:   00 41 85 02 c3 b8 01 00 00 00 48 83 c4 50 5d 4d
0x00000249a6e5edff:   8b 97 08 01 00 00 41 85 02 c3 b8 00 00 00 00 48 


Stack slot to memory mapping:
stack at sp + 0 slots: 0x000000dad71fbd50 is pointing into the stack for thread: 0x00000249bf53c000
stack at sp + 1 slots: 0x00000249a6f48f94 is at entry_point+180 in (nmethod*)0x00000249a6f48d10
stack at sp + 2 slots: 0x000000dad71fbd50 is pointing into the stack for thread: 0x00000249bf53c000
stack at sp + 3 slots: 0x00000249a6fa5f0c is at entry_point+44 in (nmethod*)0x00000249a6fa5d10
stack at sp + 4 slots: 0x0000000000000001 is an unknown value
stack at sp + 5 slots: 0x00007ffd56965cf9 jvm.dll
stack at sp + 6 slots: 0x0000000080cb5778 is an oop: java.lang.String 
{0x0000000080cb5778} - klass: 'java/lang/String'
stack at sp + 7 slots: 0x000000008a1f06c0 is an oop: java.io.File 
{0x000000008a1f06c0} - klass: 'java/io/File'



---------------  P R O C E S S  ---------------

Threads class SMR info:
_java_thread_list=0x00000249bffd0a70, length=18, elements={
0x000002499e09a000, 0x00000249bd836000, 0x00000249bd83f800, 0x00000249be187800,
0x00000249be188800, 0x00000249be18a800, 0x00000249be18c800, 0x00000249be2bf800,
0x00000249be345800, 0x00000249bea4d000, 0x00000249bea3b000, 0x00000249beab4000,
0x00000249bf574000, 0x00000249bf5d5800, 0x00000249bf5de000, 0x00000249bf5e9000,
0x00000249bfb02000, 0x00000249bf53c000
}

Java Threads: ( => current thread )
  0x000002499e09a000 JavaThread "main" [_thread_blocked, id=13280, stack(0x000000dad5500000,0x000000dad5600000)]
  0x00000249bd836000 JavaThread "Reference Handler" daemon [_thread_blocked, id=9644, stack(0x000000dad5c00000,0x000000dad5d00000)]
  0x00000249bd83f800 JavaThread "Finalizer" daemon [_thread_blocked, id=6972, stack(0x000000dad5d00000,0x000000dad5e00000)]
  0x00000249be187800 JavaThread "Signal Dispatcher" daemon [_thread_blocked, id=3692, stack(0x000000dad5e00000,0x000000dad5f00000)]
  0x00000249be188800 JavaThread "Attach Listener" daemon [_thread_blocked, id=13260, stack(0x000000dad5f00000,0x000000dad6000000)]
  0x00000249be18a800 JavaThread "C1 CompilerThread0" daemon [_thread_blocked, id=2064, stack(0x000000dad6000000,0x000000dad6100000)]
  0x00000249be18c800 JavaThread "Sweeper thread" daemon [_thread_blocked, id=9712, stack(0x000000dad6100000,0x000000dad6200000)]
  0x00000249be2bf800 JavaThread "Common-Cleaner" daemon [_thread_blocked, id=1016, stack(0x000000dad6200000,0x000000dad6300000)]
  0x00000249be345800 JavaThread "Service Thread" daemon [_thread_blocked, id=12672, stack(0x000000dad6300000,0x000000dad6400000)]
  0x00000249bea4d000 JavaThread "RMI TCP Accept-0" daemon [_thread_in_native, id=4396, stack(0x000000dad6400000,0x000000dad6500000)]
  0x00000249bea3b000 JavaThread "RMI TCP Accept-60173" daemon [_thread_in_native, id=11800, stack(0x000000dad6500000,0x000000dad6600000)]
  0x00000249beab4000 JavaThread "RMI TCP Accept-0" daemon [_thread_in_native, id=7992, stack(0x000000dad6600000,0x000000dad6700000)]
  0x00000249bf574000 JavaThread "RMI TCP Connection(1)-127.0.0.1" daemon [_thread_in_native, id=11084, stack(0x000000dad6b00000,0x000000dad6c00000)]
  0x00000249bf5d5800 JavaThread "RMI TCP Connection(2)-127.0.0.1" daemon [_thread_in_native, id=444, stack(0x000000dad6c00000,0x000000dad6d00000)]
  0x00000249bf5de000 JavaThread "RMI Scheduler(0)" daemon [_thread_blocked, id=11952, stack(0x000000dad6d00000,0x000000dad6e00000)]
  0x00000249bf5e9000 JavaThread "JMX server connection timeout 20" daemon [_thread_blocked, id=13052, stack(0x000000dad6e00000,0x000000dad6f00000)]
  0x00000249bfb02000 JavaThread "Thread-0" [_thread_blocked, id=12624, stack(0x000000dad6f00000,0x000000dad7000000)]
=>0x00000249bf53c000 JavaThread "restartedMain" [_thread_in_Java, id=9484, stack(0x000000dad7100000,0x000000dad7200000)]

Other Threads:
  0x00000249bd811800 VMThread "VM Thread" [stack: 0x000000dad5b00000,0x000000dad5c00000] [id=3780]
  0x00000249beab7000 WatcherThread [stack: 0x000000dad6700000,0x000000dad6800000] [id=1332]
  0x000002499e0b3000 GCTaskThread "GC Thread#0" [stack: 0x000000dad5600000,0x000000dad5700000] [id=5392]
  0x00000249bf521800 GCTaskThread "GC Thread#1" [stack: 0x000000dad6800000,0x000000dad6900000] [id=6620]
  0x00000249bf522800 GCTaskThread "GC Thread#2" [stack: 0x000000dad6900000,0x000000dad6a00000] [id=7072]
  0x00000249bfb02800 GCTaskThread "GC Thread#3" [stack: 0x000000dad7000000,0x000000dad7100000] [id=11768]
  0x00000249bf73d800 GCTaskThread "GC Thread#4" [stack: 0x000000dad7300000,0x000000dad7400000] [id=2660]
  0x00000249bf6ee800 GCTaskThread "GC Thread#5" [stack: 0x000000dad7400000,0x000000dad7500000] [id=8156]
  0x00000249bf6ef000 GCTaskThread "GC Thread#6" [stack: 0x000000dad7500000,0x000000dad7600000] [id=13188]
  0x00000249bf6db000 GCTaskThread "GC Thread#7" [stack: 0x000000dad7600000,0x000000dad7700000] [id=3580]
  0x000002499e0e3800 ConcurrentGCThread "G1 Main Marker" [stack: 0x000000dad5700000,0x000000dad5800000] [id=8880]
  0x000002499e0e6000 ConcurrentGCThread "G1 Conc#0" [stack: 0x000000dad5800000,0x000000dad5900000] [id=8496]
  0x00000249bf79f800 ConcurrentGCThread "G1 Conc#1" [stack: 0x000000dad7700000,0x000000dad7800000] [id=13248]
  0x00000249bd67a800 ConcurrentGCThread "G1 Refine#0" [stack: 0x000000dad5900000,0x000000dad5a00000] [id=2784]
  0x00000249be658800 ConcurrentGCThread "G1 Refine#1" [stack: 0x000000dad6a00000,0x000000dad6b00000] [id=11560]
  0x00000249bd67b000 ConcurrentGCThread "G1 Young RemSet Sampling" [stack: 0x000000dad5a00000,0x000000dad5b00000] [id=6188]

Threads with active compile tasks:

VM state:not at safepoint (normal execution)

VM Mutex/Monitor currently owned by a thread: None

Heap address: 0x0000000080a00000, size: 2038 MB, Compressed Oops mode: 32-bit
Narrow klass base: 0x0000000000000000, Narrow klass shift: 3
Compressed class space size: 1073741824 Address: 0x0000000100000000

Heap:
 garbage-first heap   total 157696K, used 18215K [0x0000000080a00000, 0x0000000100000000)
  region size 1024K, 11 young (11264K), 8 survivors (8192K)
 Metaspace       used 30903K, capacity 31893K, committed 32128K, reserved 1077248K
  class space    used 3793K, capacity 4181K, committed 4224K, reserved 1048576K
Heap Regions: E=young(eden), S=young(survivor), O=old, HS=humongous(starts), HC=humongous(continues), CS=collection set, F=free, A=archive, TAMS=top-at-mark-start (previous, next)
|   0|0x0000000080a00000, 0x0000000080b00000, 0x0000000080b00000|100%| O|  |TAMS 0x0000000080b00000, 0x0000000080a00000| Untracked 
|   1|0x0000000080b00000, 0x0000000080c00000, 0x0000000080c00000|100%| O|  |TAMS 0x0000000080c00000, 0x0000000080b00000| Untracked 
|   2|0x0000000080c00000, 0x0000000080d00000, 0x0000000080d00000|100%| O|  |TAMS 0x0000000080d00000, 0x0000000080c00000| Untracked 
|   3|0x0000000080d00000, 0x0000000080e00000, 0x0000000080e00000|100%| O|  |TAMS 0x0000000080e00000, 0x0000000080d00000| Untracked 
|   4|0x0000000080e00000, 0x0000000080f00000, 0x0000000080f00000|100%| O|  |TAMS 0x0000000080f00000, 0x0000000080e00000| Untracked 
|   5|0x0000000080f00000, 0x0000000081000000, 0x0000000081000000|100%| O|  |TAMS 0x0000000081000000, 0x0000000080f00000| Untracked 
|   6|0x0000000081000000, 0x0000000081100000, 0x0000000081100000|100%| O|  |TAMS 0x0000000081100000, 0x0000000081000000| Untracked 
|   7|0x0000000081100000, 0x00000000811c9e00, 0x0000000081200000| 78%| O|  |TAMS 0x0000000081140600, 0x0000000081100000| Untracked 
|   8|0x0000000081200000, 0x0000000081200000, 0x0000000081300000|  0%| F|  |TAMS 0x0000000081200000, 0x0000000081200000| Untracked 
|   9|0x0000000081300000, 0x0000000081300000, 0x0000000081400000|  0%| F|  |TAMS 0x0000000081300000, 0x0000000081300000| Untracked 
|  10|0x0000000081400000, 0x0000000081400000, 0x0000000081500000|  0%| F|  |TAMS 0x0000000081400000, 0x0000000081400000| Untracked 
|  11|0x0000000081500000, 0x0000000081500000, 0x0000000081600000|  0%| F|  |TAMS 0x0000000081500000, 0x0000000081500000| Untracked 
|  12|0x0000000081600000, 0x0000000081600000, 0x0000000081700000|  0%| F|  |TAMS 0x0000000081600000, 0x0000000081600000| Untracked 
|  13|0x0000000081700000, 0x0000000081700000, 0x0000000081800000|  0%| F|  |TAMS 0x0000000081700000, 0x0000000081700000| Untracked 
|  14|0x0000000081800000, 0x0000000081800000, 0x0000000081900000|  0%| F|  |TAMS 0x0000000081800000, 0x0000000081800000| Untracked 
|  15|0x0000000081900000, 0x0000000081900000, 0x0000000081a00000|  0%| F|  |TAMS 0x0000000081900000, 0x0000000081900000| Untracked 
|  16|0x0000000081a00000, 0x0000000081a00000, 0x0000000081b00000|  0%| F|  |TAMS 0x0000000081a00000, 0x0000000081a00000| Untracked 
|  17|0x0000000081b00000, 0x0000000081b00000, 0x0000000081c00000|  0%| F|  |TAMS 0x0000000081b00000, 0x0000000081b00000| Untracked 
|  18|0x0000000081c00000, 0x0000000081c00000, 0x0000000081d00000|  0%| F|  |TAMS 0x0000000081c00000, 0x0000000081c00000| Untracked 
|  19|0x0000000081d00000, 0x0000000081d00000, 0x0000000081e00000|  0%| F|  |TAMS 0x0000000081d00000, 0x0000000081d00000| Untracked 
|  20|0x0000000081e00000, 0x0000000081e00000, 0x0000000081f00000|  0%| F|  |TAMS 0x0000000081e00000, 0x0000000081e00000| Untracked 
|  21|0x0000000081f00000, 0x0000000081f00000, 0x0000000082000000|  0%| F|  |TAMS 0x0000000081f00000, 0x0000000081f00000| Untracked 
|  22|0x0000000082000000, 0x0000000082000000, 0x0000000082100000|  0%| F|  |TAMS 0x0000000082000000, 0x0000000082000000| Untracked 
|  23|0x0000000082100000, 0x0000000082100000, 0x0000000082200000|  0%| F|  |TAMS 0x0000000082100000, 0x0000000082100000| Untracked 
|  24|0x0000000082200000, 0x0000000082200000, 0x0000000082300000|  0%| F|  |TAMS 0x0000000082200000, 0x0000000082200000| Untracked 
|  25|0x0000000082300000, 0x0000000082300000, 0x0000000082400000|  0%| F|  |TAMS 0x0000000082300000, 0x0000000082300000| Untracked 
|  26|0x0000000082400000, 0x0000000082400000, 0x0000000082500000|  0%| F|  |TAMS 0x0000000082400000, 0x0000000082400000| Untracked 
|  27|0x0000000082500000, 0x0000000082500000, 0x0000000082600000|  0%| F|  |TAMS 0x0000000082500000, 0x0000000082500000| Untracked 
|  28|0x0000000082600000, 0x0000000082600000, 0x0000000082700000|  0%| F|  |TAMS 0x0000000082600000, 0x0000000082600000| Untracked 
|  29|0x0000000082700000, 0x0000000082700000, 0x0000000082800000|  0%| F|  |TAMS 0x0000000082700000, 0x0000000082700000| Untracked 
|  30|0x0000000082800000, 0x0000000082800000, 0x0000000082900000|  0%| F|  |TAMS 0x0000000082800000, 0x0000000082800000| Untracked 
|  31|0x0000000082900000, 0x0000000082900000, 0x0000000082a00000|  0%| F|  |TAMS 0x0000000082900000, 0x0000000082900000| Untracked 
|  32|0x0000000082a00000, 0x0000000082a00000, 0x0000000082b00000|  0%| F|  |TAMS 0x0000000082a00000, 0x0000000082a00000| Untracked 
|  33|0x0000000082b00000, 0x0000000082b00000, 0x0000000082c00000|  0%| F|  |TAMS 0x0000000082b00000, 0x0000000082b00000| Untracked 
|  34|0x0000000082c00000, 0x0000000082c00000, 0x0000000082d00000|  0%| F|  |TAMS 0x0000000082c00000, 0x0000000082c00000| Untracked 
|  35|0x0000000082d00000, 0x0000000082d00000, 0x0000000082e00000|  0%| F|  |TAMS 0x0000000082d00000, 0x0000000082d00000| Untracked 
|  36|0x0000000082e00000, 0x0000000082e00000, 0x0000000082f00000|  0%| F|  |TAMS 0x0000000082e00000, 0x0000000082e00000| Untracked 
|  37|0x0000000082f00000, 0x0000000082f00000, 0x0000000083000000|  0%| F|  |TAMS 0x0000000082f00000, 0x0000000082f00000| Untracked 
|  38|0x0000000083000000, 0x0000000083000000, 0x0000000083100000|  0%| F|  |TAMS 0x0000000083000000, 0x0000000083000000| Untracked 
|  39|0x0000000083100000, 0x0000000083100000, 0x0000000083200000|  0%| F|  |TAMS 0x0000000083100000, 0x0000000083100000| Untracked 
|  40|0x0000000083200000, 0x0000000083200000, 0x0000000083300000|  0%| F|  |TAMS 0x0000000083200000, 0x0000000083200000| Untracked 
|  41|0x0000000083300000, 0x0000000083300000, 0x0000000083400000|  0%| F|  |TAMS 0x0000000083300000, 0x0000000083300000| Untracked 
|  42|0x0000000083400000, 0x0000000083400000, 0x0000000083500000|  0%| F|  |TAMS 0x0000000083400000, 0x0000000083400000| Untracked 
|  43|0x0000000083500000, 0x0000000083500000, 0x0000000083600000|  0%| F|  |TAMS 0x0000000083500000, 0x0000000083500000| Untracked 
|  44|0x0000000083600000, 0x0000000083600000, 0x0000000083700000|  0%| F|  |TAMS 0x0000000083600000, 0x0000000083600000| Untracked 
|  45|0x0000000083700000, 0x0000000083700000, 0x0000000083800000|  0%| F|  |TAMS 0x0000000083700000, 0x0000000083700000| Untracked 
|  46|0x0000000083800000, 0x0000000083800000, 0x0000000083900000|  0%| F|  |TAMS 0x0000000083800000, 0x0000000083800000| Untracked 
|  47|0x0000000083900000, 0x0000000083900000, 0x0000000083a00000|  0%| F|  |TAMS 0x0000000083900000, 0x0000000083900000| Untracked 
|  48|0x0000000083a00000, 0x0000000083a00000, 0x0000000083b00000|  0%| F|  |TAMS 0x0000000083a00000, 0x0000000083a00000| Untracked 
|  49|0x0000000083b00000, 0x0000000083b00000, 0x0000000083c00000|  0%| F|  |TAMS 0x0000000083b00000, 0x0000000083b00000| Untracked 
|  50|0x0000000083c00000, 0x0000000083c00000, 0x0000000083d00000|  0%| F|  |TAMS 0x0000000083c00000, 0x0000000083c00000| Untracked 
|  51|0x0000000083d00000, 0x0000000083d00000, 0x0000000083e00000|  0%| F|  |TAMS 0x0000000083d00000, 0x0000000083d00000| Untracked 
|  52|0x0000000083e00000, 0x0000000083e00000, 0x0000000083f00000|  0%| F|  |TAMS 0x0000000083e00000, 0x0000000083e00000| Untracked 
|  53|0x0000000083f00000, 0x0000000083f00000, 0x0000000084000000|  0%| F|  |TAMS 0x0000000083f00000, 0x0000000083f00000| Untracked 
|  54|0x0000000084000000, 0x0000000084000000, 0x0000000084100000|  0%| F|  |TAMS 0x0000000084000000, 0x0000000084000000| Untracked 
|  55|0x0000000084100000, 0x0000000084100000, 0x0000000084200000|  0%| F|  |TAMS 0x0000000084100000, 0x0000000084100000| Untracked 
|  56|0x0000000084200000, 0x0000000084200000, 0x0000000084300000|  0%| F|  |TAMS 0x0000000084200000, 0x0000000084200000| Untracked 
|  57|0x0000000084300000, 0x0000000084300000, 0x0000000084400000|  0%| F|  |TAMS 0x0000000084300000, 0x0000000084300000| Untracked 
|  58|0x0000000084400000, 0x0000000084400000, 0x0000000084500000|  0%| F|  |TAMS 0x0000000084400000, 0x0000000084400000| Untracked 
|  59|0x0000000084500000, 0x0000000084500000, 0x0000000084600000|  0%| F|  |TAMS 0x0000000084500000, 0x0000000084500000| Untracked 
|  60|0x0000000084600000, 0x0000000084600000, 0x0000000084700000|  0%| F|  |TAMS 0x0000000084600000, 0x0000000084600000| Untracked 
|  61|0x0000000084700000, 0x0000000084700000, 0x0000000084800000|  0%| F|  |TAMS 0x0000000084700000, 0x0000000084700000| Untracked 
|  62|0x0000000084800000, 0x0000000084800000, 0x0000000084900000|  0%| F|  |TAMS 0x0000000084800000, 0x0000000084800000| Untracked 
|  63|0x0000000084900000, 0x0000000084a00000, 0x0000000084a00000|100%| S|CS|TAMS 0x0000000084900000, 0x0000000084900000| Complete 
|  64|0x0000000084a00000, 0x0000000084b00000, 0x0000000084b00000|100%| S|CS|TAMS 0x0000000084a00000, 0x0000000084a00000| Complete 
|  65|0x0000000084b00000, 0x0000000084c00000, 0x0000000084c00000|100%| S|CS|TAMS 0x0000000084b00000, 0x0000000084b00000| Complete 
|  66|0x0000000084c00000, 0x0000000084d00000, 0x0000000084d00000|100%| S|CS|TAMS 0x0000000084c00000, 0x0000000084c00000| Complete 
|  67|0x0000000084d00000, 0x0000000084e00000, 0x0000000084e00000|100%| S|CS|TAMS 0x0000000084d00000, 0x0000000084d00000| Complete 
|  68|0x0000000084e00000, 0x0000000084f00000, 0x0000000084f00000|100%| S|CS|TAMS 0x0000000084e00000, 0x0000000084e00000| Complete 
|  69|0x0000000084f00000, 0x0000000085000000, 0x0000000085000000|100%| S|CS|TAMS 0x0000000084f00000, 0x0000000084f00000| Complete 
|  70|0x0000000085000000, 0x0000000085100000, 0x0000000085100000|100%| S|CS|TAMS 0x0000000085000000, 0x0000000085000000| Complete 
|  71|0x0000000085100000, 0x0000000085100000, 0x0000000085200000|  0%| F|  |TAMS 0x0000000085100000, 0x0000000085100000| Untracked 
|  72|0x0000000085200000, 0x0000000085200000, 0x0000000085300000|  0%| F|  |TAMS 0x0000000085200000, 0x0000000085200000| Untracked 
|  73|0x0000000085300000, 0x0000000085300000, 0x0000000085400000|  0%| F|  |TAMS 0x0000000085300000, 0x0000000085300000| Untracked 
|  74|0x0000000085400000, 0x0000000085400000, 0x0000000085500000|  0%| F|  |TAMS 0x0000000085400000, 0x0000000085400000| Untracked 
|  75|0x0000000085500000, 0x0000000085500000, 0x0000000085600000|  0%| F|  |TAMS 0x0000000085500000, 0x0000000085500000| Untracked 
|  76|0x0000000085600000, 0x0000000085600000, 0x0000000085700000|  0%| F|  |TAMS 0x0000000085600000, 0x0000000085600000| Untracked 
|  77|0x0000000085700000, 0x0000000085700000, 0x0000000085800000|  0%| F|  |TAMS 0x0000000085700000, 0x0000000085700000| Untracked 
|  78|0x0000000085800000, 0x0000000085800000, 0x0000000085900000|  0%| F|  |TAMS 0x0000000085800000, 0x0000000085800000| Untracked 
|  79|0x0000000085900000, 0x0000000085900000, 0x0000000085a00000|  0%| F|  |TAMS 0x0000000085900000, 0x0000000085900000| Untracked 
|  80|0x0000000085a00000, 0x0000000085a00000, 0x0000000085b00000|  0%| F|  |TAMS 0x0000000085a00000, 0x0000000085a00000| Untracked 
|  81|0x0000000085b00000, 0x0000000085b00000, 0x0000000085c00000|  0%| F|  |TAMS 0x0000000085b00000, 0x0000000085b00000| Untracked 
|  82|0x0000000085c00000, 0x0000000085c00000, 0x0000000085d00000|  0%| F|  |TAMS 0x0000000085c00000, 0x0000000085c00000| Untracked 
|  83|0x0000000085d00000, 0x0000000085d00000, 0x0000000085e00000|  0%| F|  |TAMS 0x0000000085d00000, 0x0000000085d00000| Untracked 
|  84|0x0000000085e00000, 0x0000000085e00000, 0x0000000085f00000|  0%| F|  |TAMS 0x0000000085e00000, 0x0000000085e00000| Untracked 
|  85|0x0000000085f00000, 0x0000000085f00000, 0x0000000086000000|  0%| F|  |TAMS 0x0000000085f00000, 0x0000000085f00000| Untracked 
|  86|0x0000000086000000, 0x0000000086000000, 0x0000000086100000|  0%| F|  |TAMS 0x0000000086000000, 0x0000000086000000| Untracked 
|  87|0x0000000086100000, 0x0000000086100000, 0x0000000086200000|  0%| F|  |TAMS 0x0000000086100000, 0x0000000086100000| Untracked 
|  88|0x0000000086200000, 0x0000000086200000, 0x0000000086300000|  0%| F|  |TAMS 0x0000000086200000, 0x0000000086200000| Untracked 
|  89|0x0000000086300000, 0x0000000086300000, 0x0000000086400000|  0%| F|  |TAMS 0x0000000086300000, 0x0000000086300000| Untracked 
|  90|0x0000000086400000, 0x0000000086400000, 0x0000000086500000|  0%| F|  |TAMS 0x0000000086400000, 0x0000000086400000| Untracked 
|  91|0x0000000086500000, 0x0000000086500000, 0x0000000086600000|  0%| F|  |TAMS 0x0000000086500000, 0x0000000086500000| Untracked 
|  92|0x0000000086600000, 0x0000000086600000, 0x0000000086700000|  0%| F|  |TAMS 0x0000000086600000, 0x0000000086600000| Untracked 
|  93|0x0000000086700000, 0x0000000086700000, 0x0000000086800000|  0%| F|  |TAMS 0x0000000086700000, 0x0000000086700000| Untracked 
|  94|0x0000000086800000, 0x0000000086800000, 0x0000000086900000|  0%| F|  |TAMS 0x0000000086800000, 0x0000000086800000| Untracked 
|  95|0x0000000086900000, 0x0000000086900000, 0x0000000086a00000|  0%| F|  |TAMS 0x0000000086900000, 0x0000000086900000| Untracked 
|  96|0x0000000086a00000, 0x0000000086a00000, 0x0000000086b00000|  0%| F|  |TAMS 0x0000000086a00000, 0x0000000086a00000| Untracked 
|  97|0x0000000086b00000, 0x0000000086b00000, 0x0000000086c00000|  0%| F|  |TAMS 0x0000000086b00000, 0x0000000086b00000| Untracked 
|  98|0x0000000086c00000, 0x0000000086c00000, 0x0000000086d00000|  0%| F|  |TAMS 0x0000000086c00000, 0x0000000086c00000| Untracked 
|  99|0x0000000086d00000, 0x0000000086d00000, 0x0000000086e00000|  0%| F|  |TAMS 0x0000000086d00000, 0x0000000086d00000| Untracked 
| 100|0x0000000086e00000, 0x0000000086e00000, 0x0000000086f00000|  0%| F|  |TAMS 0x0000000086e00000, 0x0000000086e00000| Untracked 
| 101|0x0000000086f00000, 0x0000000086f00000, 0x0000000087000000|  0%| F|  |TAMS 0x0000000086f00000, 0x0000000086f00000| Untracked 
| 102|0x0000000087000000, 0x0000000087000000, 0x0000000087100000|  0%| F|  |TAMS 0x0000000087000000, 0x0000000087000000| Untracked 
| 103|0x0000000087100000, 0x0000000087100000, 0x0000000087200000|  0%| F|  |TAMS 0x0000000087100000, 0x0000000087100000| Untracked 
| 104|0x0000000087200000, 0x0000000087200000, 0x0000000087300000|  0%| F|  |TAMS 0x0000000087200000, 0x0000000087200000| Untracked 
| 105|0x0000000087300000, 0x0000000087300000, 0x0000000087400000|  0%| F|  |TAMS 0x0000000087300000, 0x0000000087300000| Untracked 
| 106|0x0000000087400000, 0x0000000087400000, 0x0000000087500000|  0%| F|  |TAMS 0x0000000087400000, 0x0000000087400000| Untracked 
| 107|0x0000000087500000, 0x0000000087500000, 0x0000000087600000|  0%| F|  |TAMS 0x0000000087500000, 0x0000000087500000| Untracked 
| 108|0x0000000087600000, 0x0000000087600000, 0x0000000087700000|  0%| F|  |TAMS 0x0000000087600000, 0x0000000087600000| Untracked 
| 109|0x0000000087700000, 0x0000000087700000, 0x0000000087800000|  0%| F|  |TAMS 0x0000000087700000, 0x0000000087700000| Untracked 
| 110|0x0000000087800000, 0x0000000087800000, 0x0000000087900000|  0%| F|  |TAMS 0x0000000087800000, 0x0000000087800000| Untracked 
| 111|0x0000000087900000, 0x0000000087900000, 0x0000000087a00000|  0%| F|  |TAMS 0x0000000087900000, 0x0000000087900000| Untracked 
| 112|0x0000000087a00000, 0x0000000087a00000, 0x0000000087b00000|  0%| F|  |TAMS 0x0000000087a00000, 0x0000000087a00000| Untracked 
| 113|0x0000000087b00000, 0x0000000087b00000, 0x0000000087c00000|  0%| F|  |TAMS 0x0000000087b00000, 0x0000000087b00000| Untracked 
| 114|0x0000000087c00000, 0x0000000087c00000, 0x0000000087d00000|  0%| F|  |TAMS 0x0000000087c00000, 0x0000000087c00000| Untracked 
| 115|0x0000000087d00000, 0x0000000087d00000, 0x0000000087e00000|  0%| F|  |TAMS 0x0000000087d00000, 0x0000000087d00000| Untracked 
| 116|0x0000000087e00000, 0x0000000087e00000, 0x0000000087f00000|  0%| F|  |TAMS 0x0000000087e00000, 0x0000000087e00000| Untracked 
| 117|0x0000000087f00000, 0x0000000087f00000, 0x0000000088000000|  0%| F|  |TAMS 0x0000000087f00000, 0x0000000087f00000| Untracked 
| 118|0x0000000088000000, 0x0000000088000000, 0x0000000088100000|  0%| F|  |TAMS 0x0000000088000000, 0x0000000088000000| Untracked 
| 119|0x0000000088100000, 0x0000000088100000, 0x0000000088200000|  0%| F|  |TAMS 0x0000000088100000, 0x0000000088100000| Untracked 
| 120|0x0000000088200000, 0x0000000088200000, 0x0000000088300000|  0%| F|  |TAMS 0x0000000088200000, 0x0000000088200000| Untracked 
| 121|0x0000000088300000, 0x0000000088300000, 0x0000000088400000|  0%| F|  |TAMS 0x0000000088300000, 0x0000000088300000| Untracked 
| 122|0x0000000088400000, 0x0000000088400000, 0x0000000088500000|  0%| F|  |TAMS 0x0000000088400000, 0x0000000088400000| Untracked 
| 123|0x0000000088500000, 0x0000000088500000, 0x0000000088600000|  0%| F|  |TAMS 0x0000000088500000, 0x0000000088500000| Untracked 
| 124|0x0000000088600000, 0x0000000088600000, 0x0000000088700000|  0%| F|  |TAMS 0x0000000088600000, 0x0000000088600000| Untracked 
| 125|0x0000000088700000, 0x0000000088700000, 0x0000000088800000|  0%| F|  |TAMS 0x0000000088700000, 0x0000000088700000| Untracked 
| 126|0x0000000088800000, 0x0000000088800000, 0x0000000088900000|  0%| F|  |TAMS 0x0000000088800000, 0x0000000088800000| Untracked 
| 127|0x0000000088900000, 0x0000000088900000, 0x0000000088a00000|  0%| F|  |TAMS 0x0000000088900000, 0x0000000088900000| Untracked 
| 128|0x0000000088a00000, 0x0000000088a00000, 0x0000000088b00000|  0%| F|  |TAMS 0x0000000088a00000, 0x0000000088a00000| Untracked 
| 129|0x0000000088b00000, 0x0000000088b00000, 0x0000000088c00000|  0%| F|  |TAMS 0x0000000088b00000, 0x0000000088b00000| Untracked 
| 130|0x0000000088c00000, 0x0000000088c00000, 0x0000000088d00000|  0%| F|  |TAMS 0x0000000088c00000, 0x0000000088c00000| Untracked 
| 131|0x0000000088d00000, 0x0000000088d00000, 0x0000000088e00000|  0%| F|  |TAMS 0x0000000088d00000, 0x0000000088d00000| Untracked 
| 132|0x0000000088e00000, 0x0000000088e00000, 0x0000000088f00000|  0%| F|  |TAMS 0x0000000088e00000, 0x0000000088e00000| Untracked 
| 133|0x0000000088f00000, 0x0000000088f00000, 0x0000000089000000|  0%| F|  |TAMS 0x0000000088f00000, 0x0000000088f00000| Untracked 
| 134|0x0000000089000000, 0x0000000089000000, 0x0000000089100000|  0%| F|  |TAMS 0x0000000089000000, 0x0000000089000000| Untracked 
| 135|0x0000000089100000, 0x0000000089100000, 0x0000000089200000|  0%| F|  |TAMS 0x0000000089100000, 0x0000000089100000| Untracked 
| 136|0x0000000089200000, 0x0000000089200000, 0x0000000089300000|  0%| F|  |TAMS 0x0000000089200000, 0x0000000089200000| Untracked 
| 137|0x0000000089300000, 0x0000000089300000, 0x0000000089400000|  0%| F|  |TAMS 0x0000000089300000, 0x0000000089300000| Untracked 
| 138|0x0000000089400000, 0x0000000089400000, 0x0000000089500000|  0%| F|  |TAMS 0x0000000089400000, 0x0000000089400000| Untracked 
| 139|0x0000000089500000, 0x0000000089500000, 0x0000000089600000|  0%| F|  |TAMS 0x0000000089500000, 0x0000000089500000| Untracked 
| 140|0x0000000089600000, 0x0000000089600000, 0x0000000089700000|  0%| F|  |TAMS 0x0000000089600000, 0x0000000089600000| Untracked 
| 141|0x0000000089700000, 0x0000000089700000, 0x0000000089800000|  0%| F|  |TAMS 0x0000000089700000, 0x0000000089700000| Untracked 
| 142|0x0000000089800000, 0x0000000089800000, 0x0000000089900000|  0%| F|  |TAMS 0x0000000089800000, 0x0000000089800000| Untracked 
| 143|0x0000000089900000, 0x0000000089900000, 0x0000000089a00000|  0%| F|  |TAMS 0x0000000089900000, 0x0000000089900000| Untracked 
| 144|0x0000000089a00000, 0x0000000089a00000, 0x0000000089b00000|  0%| F|  |TAMS 0x0000000089a00000, 0x0000000089a00000| Untracked 
| 145|0x0000000089b00000, 0x0000000089b00000, 0x0000000089c00000|  0%| F|  |TAMS 0x0000000089b00000, 0x0000000089b00000| Untracked 
| 146|0x0000000089c00000, 0x0000000089c00000, 0x0000000089d00000|  0%| F|  |TAMS 0x0000000089c00000, 0x0000000089c00000| Untracked 
| 147|0x0000000089d00000, 0x0000000089d00000, 0x0000000089e00000|  0%| F|  |TAMS 0x0000000089d00000, 0x0000000089d00000| Untracked 
| 148|0x0000000089e00000, 0x0000000089e00000, 0x0000000089f00000|  0%| F|  |TAMS 0x0000000089e00000, 0x0000000089e00000| Untracked 
| 149|0x0000000089f00000, 0x0000000089f00000, 0x000000008a000000|  0%| F|  |TAMS 0x0000000089f00000, 0x0000000089f00000| Untracked 
| 150|0x000000008a000000, 0x000000008a000000, 0x000000008a100000|  0%| F|  |TAMS 0x000000008a000000, 0x000000008a000000| Untracked 
| 151|0x000000008a100000, 0x000000008a200000, 0x000000008a200000|100%| E|  |TAMS 0x000000008a100000, 0x000000008a100000| Complete 
| 152|0x000000008a200000, 0x000000008a300000, 0x000000008a300000|100%| E|CS|TAMS 0x000000008a200000, 0x000000008a200000| Complete 
| 153|0x000000008a300000, 0x000000008a400000, 0x000000008a400000|100%| E|CS|TAMS 0x000000008a300000, 0x000000008a300000| Complete 

Card table byte_map: [0x00000249b6570000,0x00000249b6970000] _byte_map_base: 0x00000249b616b000

Marking Bits (Prev, Next): (CMBitMap*) 0x000002499e0daee0, (CMBitMap*) 0x000002499e0daea8
 Prev Bits: [0x00000249b8d50000, 0x00000249bad28000)
 Next Bits: [0x00000249b6d70000, 0x00000249b8d48000)

Polling page: 0x000002499c730000

Metaspace:

Usage:
  Non-class:     27.06 MB capacity,    26.47 MB ( 98%) used,   505.54 KB (  2%) free+waste,    96.44 KB ( <1%) overhead. 
      Class:      4.08 MB capacity,     3.70 MB ( 91%) used,   339.29 KB (  8%) free+waste,    48.44 KB (  1%) overhead. 
       Both:     31.15 MB capacity,    30.18 MB ( 97%) used,   844.83 KB (  3%) free+waste,   144.88 KB ( <1%) overhead. 

Virtual space:
  Non-class space:       28.00 MB reserved,      27.25 MB ( 97%) committed 
      Class space:        1.00 GB reserved,       4.13 MB ( <1%) committed 
             Both:        1.03 GB reserved,      31.38 MB (  3%) committed 

Chunk freelists:
   Non-Class:  0 bytes
       Class:  11.00 KB
        Both:  11.00 KB

CodeHeap 'non-profiled nmethods': size=238336Kb used=5567Kb max_used=5567Kb free=232768Kb
 bounds [0x00000249a6e50000, 0x00000249a73c0000, 0x00000249b5710000]
CodeHeap 'non-nmethods': size=7424Kb used=1159Kb max_used=1159Kb free=6264Kb
 bounds [0x00000249a6710000, 0x00000249a6980000, 0x00000249a6e50000]
 total_blobs=3782 nmethods=3276 adapters=416
 compilation: enabled
              stopped_count=0, restarted_count=0
 full_count=0

Compilation events (10 events):
Event: 4.545 Thread 0x00000249be18a800 3272       1       java.util.stream.Collectors$CollectorImpl::accumulator (5 bytes)
Event: 4.545 Thread 0x00000249be18a800 nmethod 3272 0x00000249a73be890 code [0x00000249a73bea40, 0x00000249a73beb58]
Event: 4.545 Thread 0x00000249be18a800 3275       1       org.springframework.boot.context.properties.source.ConfigurationPropertyName$ElementValidator::isValidElement (38 bytes)
Event: 4.546 Thread 0x00000249be18a800 nmethod 3275 0x00000249a73bec10 code [0x00000249a73bede0, 0x00000249a73bf040]
Event: 4.546 Thread 0x00000249be18a800 3274       1       org.springframework.boot.context.properties.source.ConfigurationPropertyName$ElementValidator::process (21 bytes)
Event: 4.546 Thread 0x00000249be18a800 nmethod 3274 0x00000249a73bf110 code [0x00000249a73bf2c0, 0x00000249a73bf430]
Event: 4.546 Thread 0x00000249be18a800 3276       1       org.springframework.boot.context.properties.source.SystemEnvironmentPropertyMapper::convertLegacyNameElement (15 bytes)
Event: 4.546 Thread 0x00000249be18a800 nmethod 3276 0x00000249a73bf510 code [0x00000249a73bf6e0, 0x00000249a73bf8b0]
Event: 4.546 Thread 0x00000249be18a800 3273       1       java.util.stream.Collectors$CollectorImpl::combiner (5 bytes)
Event: 4.546 Thread 0x00000249be18a800 nmethod 3273 0x00000249a73bf990 code [0x00000249a73bfb40, 0x00000249a73bfc58]

GC Heap History (10 events):
Event: 1.601 GC heap before
{Heap before GC invocations=3 (full 0):
 garbage-first heap   total 131072K, used 13478K [0x0000000080a00000, 0x0000000100000000)
  region size 1024K, 7 young (7168K), 2 survivors (2048K)
 Metaspace       used 20520K, capacity 21143K, committed 21248K, reserved 1067008K
  class space    used 2463K, capacity 2711K, committed 2816K, reserved 1048576K
}
Event: 1.603 GC heap after
{Heap after GC invocations=4 (full 0):
 garbage-first heap   total 131072K, used 9512K [0x0000000080a00000, 0x0000000100000000)
  region size 1024K, 3 young (3072K), 3 survivors (3072K)
 Metaspace       used 20520K, capacity 21143K, committed 21248K, reserved 1067008K
  class space    used 2463K, capacity 2711K, committed 2816K, reserved 1048576K
}
Event: 2.042 GC heap before
{Heap before GC invocations=5 (full 0):
 garbage-first heap   total 131072K, used 59688K [0x0000000080a00000, 0x0000000100000000)
  region size 1024K, 52 young (53248K), 3 survivors (3072K)
 Metaspace       used 26647K, capacity 27444K, committed 27648K, reserved 1073152K
  class space    used 3248K, capacity 3542K, committed 3584K, reserved 1048576K
}
Event: 2.047 GC heap after
{Heap after GC invocations=6 (full 0):
 garbage-first heap   total 131072K, used 10864K [0x0000000080a00000, 0x0000000100000000)
  region size 1024K, 4 young (4096K), 4 survivors (4096K)
 Metaspace       used 26647K, capacity 27444K, committed 27648K, reserved 1073152K
  class space    used 3248K, capacity 3542K, committed 3584K, reserved 1048576K
}
Event: 2.790 GC heap before
{Heap before GC invocations=6 (full 0):
 garbage-first heap   total 131072K, used 77424K [0x0000000080a00000, 0x0000000100000000)
  region size 1024K, 69 young (70656K), 4 survivors (4096K)
 Metaspace       used 29189K, capacity 30117K, committed 30336K, reserved 1075200K
  class space    used 3532K, capacity 3917K, committed 3968K, reserved 1048576K
}
Event: 2.795 GC heap after
{Heap after GC invocations=7 (full 0):
 garbage-first heap   total 131072K, used 12877K [0x0000000080a00000, 0x0000000100000000)
  region size 1024K, 6 young (6144K), 6 survivors (6144K)
 Metaspace       used 29189K, capacity 30117K, committed 30336K, reserved 1075200K
  class space    used 3532K, capacity 3917K, committed 3968K, reserved 1048576K
}
Event: 3.460 GC heap before
{Heap before GC invocations=7 (full 0):
 garbage-first heap   total 131072K, used 79437K [0x0000000080a00000, 0x0000000100000000)
  region size 1024K, 71 young (72704K), 6 survivors (6144K)
 Metaspace       used 29401K, capacity 30377K, committed 30592K, reserved 1075200K
  class space    used 3572K, capacity 3956K, committed 3968K, reserved 1048576K
}
Event: 3.466 GC heap after
{Heap after GC invocations=8 (full 0):
 garbage-first heap   total 157696K, used 14119K [0x0000000080a00000, 0x0000000100000000)
  region size 1024K, 6 young (6144K), 6 survivors (6144K)
 Metaspace       used 29401K, capacity 30377K, committed 30592K, reserved 1075200K
  class space    used 3572K, capacity 3956K, committed 3968K, reserved 1048576K
}
Event: 4.499 GC heap before
{Heap before GC invocations=8 (full 0):
 garbage-first heap   total 157696K, used 99111K [0x0000000080a00000, 0x0000000100000000)
  region size 1024K, 89 young (91136K), 6 survivors (6144K)
 Metaspace       used 30746K, capacity 31765K, committed 31872K, reserved 1077248K
  class space    used 3776K, capacity 4181K, committed 4224K, reserved 1048576K
}
Event: 4.505 GC heap after
{Heap after GC invocations=9 (full 0):
 garbage-first heap   total 157696K, used 16167K [0x0000000080a00000, 0x0000000100000000)
  region size 1024K, 8 young (8192K), 8 survivors (8192K)
 Metaspace       used 30746K, capacity 31765K, committed 31872K, reserved 1077248K
  class space    used 3776K, capacity 4181K, committed 4224K, reserved 1048576K
}

Deoptimization events (0 events):
No events

Classes redefined (0 events):
No events

Internal exceptions (10 events):
Event: 1.975 Thread 0x00000249bfa24000 Exception <a 'java/lang/NoSuchMethodError'{0x0000000085df47c0}: 'long java.lang.invoke.DirectMethodHandle$Holder.invokeStatic(java.lang.Object, java.lang.Object)'> (0x0000000085df47c0) thrown at [c:/tools/cygwin/home/Administrator/development/Corretto11Sr
Event: 1.976 Thread 0x00000249bfa24000 Exception <a 'java/lang/NoSuchMethodError'{0x0000000085df75e8}: 'long java.lang.invoke.DirectMethodHandle$Holder.invokeStaticInit(java.lang.Object, java.lang.Object)'> (0x0000000085df75e8) thrown at [c:/tools/cygwin/home/Administrator/development/Corretto
Event: 1.983 Thread 0x00000249bfa24000 Exception <a 'java/lang/NoSuchMethodError'{0x0000000085c9ca58}: 'long java.lang.invoke.DirectMethodHandle$Holder.invokeInterface(java.lang.Object, java.lang.Object)'> (0x0000000085c9ca58) thrown at [c:/tools/cygwin/home/Administrator/development/Corretto1
Event: 1.983 Thread 0x00000249bfa24000 Exception <a 'java/lang/IncompatibleClassChangeError'{0x0000000085c9f7f0}: Found class java.lang.Object, but interface was expected> (0x0000000085c9f7f0) thrown at [c:/tools/cygwin/home/Administrator/development/Corretto11Src/src/src/hotspot/share/interpr
Event: 2.069 Thread 0x00000249bf5d5800 Exception <a 'java/lang/reflect/InvocationTargetException'{0x0000000088882368}> (0x0000000088882368) thrown at [c:/tools/cygwin/home/Administrator/development/Corretto11Src/src/src/hotspot/share/runtime/reflection.cpp, line 1246]
Event: 2.622 Thread 0x00000249bf5d5800 Exception <a 'java/lang/reflect/InvocationTargetException'{0x00000000888863e8}> (0x00000000888863e8) thrown at [c:/tools/cygwin/home/Administrator/development/Corretto11Src/src/src/hotspot/share/runtime/reflection.cpp, line 1246]
Event: 3.174 Thread 0x00000249bf5d5800 Exception <a 'java/lang/reflect/InvocationTargetException'{0x0000000086482368}> (0x0000000086482368) thrown at [c:/tools/cygwin/home/Administrator/development/Corretto11Src/src/src/hotspot/share/runtime/reflection.cpp, line 1246]
Event: 3.723 Thread 0x00000249bf5d5800 Exception <a 'java/lang/reflect/InvocationTargetException'{0x0000000088b82368}> (0x0000000088b82368) thrown at [c:/tools/cygwin/home/Administrator/development/Corretto11Src/src/src/hotspot/share/runtime/reflection.cpp, line 1246]
Event: 4.227 Thread 0x00000249bf53c000 Exception <a 'java/lang/NoSuchMethodError'{0x00000000862dfab8}: 'void java.lang.invoke.DirectMethodHandle$Holder.invokeInterface(java.lang.Object, java.lang.Object, java.lang.Object, java.lang.Object)'> (0x00000000862dfab8) thrown at [c:/tools/cygwin/home
Event: 4.232 Thread 0x00000249bf5d5800 Exception <a 'java/lang/reflect/InvocationTargetException'{0x0000000088b863e8}> (0x0000000088b863e8) thrown at [c:/tools/cygwin/home/Administrator/development/Corretto11Src/src/src/hotspot/share/runtime/reflection.cpp, line 1246]

Events (10 events):
Event: 4.538 loading class org/springframework/amqp/rabbit/config/AbstractRabbitListenerContainerFactory
Event: 4.538 loading class org/springframework/amqp/rabbit/config/AbstractRabbitListenerContainerFactory done
Event: 4.539 loading class org/springframework/amqp/rabbit/listener/RabbitListenerContainerFactory
Event: 4.539 loading class org/springframework/amqp/rabbit/listener/RabbitListenerContainerFactory done
Event: 4.539 loading class org/springframework/amqp/rabbit/config/DirectRabbitListenerContainerFactory
Event: 4.539 loading class org/springframework/amqp/rabbit/config/DirectRabbitListenerContainerFactory done
Event: 4.545 loading class org/springframework/boot/autoconfigure/amqp/RabbitAutoConfiguration
Event: 4.545 loading class org/springframework/boot/autoconfigure/amqp/RabbitAutoConfiguration done
Event: 4.547 loading class org/springframework/boot/actuate/autoconfigure/health/HealthIndicatorAutoConfiguration
Event: 4.547 loading class org/springframework/boot/actuate/autoconfigure/health/HealthIndicatorAutoConfiguration done


Dynamic libraries:
0x00007ff7d4880000 - 0x00007ff7d48c6000 	C:\Program Files\Amazon Corretto\jdk11.0.4_10\bin\javaw.exe
0x00007ffd89390000 - 0x00007ffd89571000 	C:\WINDOWS\SYSTEM32\ntdll.dll
0x00007ffd87340000 - 0x00007ffd873f1000 	C:\WINDOWS\System32\KERNEL32.DLL
0x00007ffd85dc0000 - 0x00007ffd86033000 	C:\WINDOWS\System32\KERNELBASE.dll
0x00007ffd86ad0000 - 0x00007ffd86c60000 	C:\WINDOWS\System32\USER32.dll
0x00007ffd85760000 - 0x00007ffd85780000 	C:\WINDOWS\System32\win32u.dll
0x00007ffd892c0000 - 0x00007ffd892e8000 	C:\WINDOWS\System32\GDI32.dll
0x00007ffd85c20000 - 0x00007ffd85db1000 	C:\WINDOWS\System32\gdi32full.dll
0x00007ffd85b80000 - 0x00007ffd85c1f000 	C:\WINDOWS\System32\msvcp_win.dll
0x00007ffd857e0000 - 0x00007ffd858d8000 	C:\WINDOWS\System32\ucrtbase.dll
0x00007ffd7d9e0000 - 0x00007ffd7dc49000 	C:\WINDOWS\WinSxS\amd64_microsoft.windows.common-controls_6595b64144ccf1df_6.0.17134.885_none_fb42a3473065565f\COMCTL32.dll
0x00007ffd87990000 - 0x00007ffd87a2e000 	C:\WINDOWS\System32\msvcrt.dll
0x00007ffd87a30000 - 0x00007ffd87d52000 	C:\WINDOWS\System32\combase.dll
0x00007ffd87470000 - 0x00007ffd87594000 	C:\WINDOWS\System32\RPCRT4.dll
0x00007ffd86040000 - 0x00007ffd860b9000 	C:\WINDOWS\System32\bcryptPrimitives.dll
0x00007ffd86d40000 - 0x00007ffd86d6d000 	C:\WINDOWS\System32\IMM32.DLL
0x00007ffd7d0e0000 - 0x00007ffd7d0f5000 	C:\Program Files\Amazon Corretto\jdk11.0.4_10\bin\vcruntime140.dll
0x00007ffd6f4e0000 - 0x00007ffd6f57b000 	C:\Program Files\Amazon Corretto\jdk11.0.4_10\bin\msvcp140.dll
0x00007ffd56730000 - 0x00007ffd571e5000 	C:\Program Files\Amazon Corretto\jdk11.0.4_10\bin\server\jvm.dll
0x00007ffd869c0000 - 0x00007ffd86a61000 	C:\WINDOWS\System32\ADVAPI32.dll
0x00007ffd89300000 - 0x00007ffd8935b000 	C:\WINDOWS\System32\sechost.dll
0x00007ffd87460000 - 0x00007ffd87468000 	C:\WINDOWS\System32\PSAPI.DLL
0x00007ffd82380000 - 0x00007ffd82389000 	C:\WINDOWS\SYSTEM32\WSOCK32.dll
0x00007ffd83a20000 - 0x00007ffd83a43000 	C:\WINDOWS\SYSTEM32\WINMM.dll
0x00007ffd875a0000 - 0x00007ffd8760c000 	C:\WINDOWS\System32\WS2_32.dll
0x00007ffd80260000 - 0x00007ffd8026a000 	C:\WINDOWS\SYSTEM32\VERSION.dll
0x00007ffd838d0000 - 0x00007ffd838fa000 	C:\WINDOWS\SYSTEM32\WINMMBASE.dll
0x00007ffd860c0000 - 0x00007ffd86109000 	C:\WINDOWS\System32\cfgmgr32.dll
0x00007ffd856c0000 - 0x00007ffd856d1000 	C:\WINDOWS\System32\kernel.appcore.dll
0x00007ffd82370000 - 0x00007ffd82380000 	C:\Program Files\Amazon Corretto\jdk11.0.4_10\bin\verify.dll
0x00007ffd79cb0000 - 0x00007ffd79e79000 	C:\WINDOWS\SYSTEM32\DBGHELP.DLL
0x00007ffd79130000 - 0x00007ffd79159000 	C:\WINDOWS\SYSTEM32\dbgcore.DLL
0x00007ffd82340000 - 0x00007ffd82368000 	C:\Program Files\Amazon Corretto\jdk11.0.4_10\bin\java.dll
0x00007ffd822f0000 - 0x00007ffd82306000 	C:\Program Files\Amazon Corretto\jdk11.0.4_10\bin\zip.dll
0x00007ffd822e0000 - 0x00007ffd822ea000 	C:\Program Files\Amazon Corretto\jdk11.0.4_10\bin\jimage.dll
0x00007ffd87e80000 - 0x00007ffd892c0000 	C:\WINDOWS\System32\SHELL32.dll
0x00007ffd86820000 - 0x00007ffd868c9000 	C:\WINDOWS\System32\shcore.dll
0x00007ffd86110000 - 0x00007ffd8681d000 	C:\WINDOWS\System32\windows.storage.dll
0x00007ffd87e00000 - 0x00007ffd87e51000 	C:\WINDOWS\System32\shlwapi.dll
0x00007ffd856e0000 - 0x00007ffd856ff000 	C:\WINDOWS\System32\profapi.dll
0x00007ffd85700000 - 0x00007ffd8574c000 	C:\WINDOWS\System32\powrprof.dll
0x00007ffd85750000 - 0x00007ffd8575a000 	C:\WINDOWS\System32\FLTLIB.DLL
0x00007ffd81d80000 - 0x00007ffd81d99000 	C:\Program Files\Amazon Corretto\jdk11.0.4_10\bin\net.dll
0x00007ffd7e670000 - 0x00007ffd7e74d000 	C:\WINDOWS\SYSTEM32\WINHTTP.dll
0x00007ffd80270000 - 0x00007ffd80439000 	C:\WINDOWS\SYSTEM32\urlmon.dll
0x00007ffd77a00000 - 0x00007ffd77ca6000 	C:\WINDOWS\SYSTEM32\iertutil.dll
0x00007ffd85070000 - 0x00007ffd8507b000 	C:\WINDOWS\SYSTEM32\CRYPTBASE.DLL
0x00007ffd84ec0000 - 0x00007ffd84f26000 	C:\WINDOWS\system32\mswsock.dll
0x00007ffd81d60000 - 0x00007ffd81d72000 	C:\Program Files\Amazon Corretto\jdk11.0.4_10\bin\nio.dll
0x00007ffd823c0000 - 0x00007ffd823c9000 	C:\Program Files\Amazon Corretto\jdk11.0.4_10\bin\management.dll
0x00007ffd7d0d0000 - 0x00007ffd7d0db000 	C:\Program Files\Amazon Corretto\jdk11.0.4_10\bin\management_ext.dll
0x00007ffd764f0000 - 0x00007ffd76506000 	C:\WINDOWS\system32\napinsp.dll
0x00007ffd779c0000 - 0x00007ffd779da000 	C:\WINDOWS\system32\pnrpnsp.dll
0x00007ffd82270000 - 0x00007ffd82289000 	C:\WINDOWS\system32\NLAapi.dll
0x00007ffd84c90000 - 0x00007ffd84d4e000 	C:\WINDOWS\SYSTEM32\DNSAPI.dll
0x00007ffd892f0000 - 0x00007ffd892f8000 	C:\WINDOWS\System32\NSI.dll
0x00007ffd84c50000 - 0x00007ffd84c88000 	C:\WINDOWS\SYSTEM32\IPHLPAPI.DLL
0x00007ffd77970000 - 0x00007ffd7797e000 	C:\WINDOWS\System32\winrnr.dll
0x00007ffd7e600000 - 0x00007ffd7e60a000 	C:\Windows\System32\rasadhlp.dll
0x00007ffd7f280000 - 0x00007ffd7f2f2000 	C:\WINDOWS\System32\fwpuclnt.dll
0x00007ffd85200000 - 0x00007ffd85225000 	C:\WINDOWS\SYSTEM32\bcrypt.dll
0x00007ffd850e0000 - 0x00007ffd850f7000 	C:\WINDOWS\SYSTEM32\CRYPTSP.dll
0x00007ffd84ab0000 - 0x00007ffd84ae3000 	C:\WINDOWS\system32\rsaenh.dll
0x00007ffd855a0000 - 0x00007ffd855c8000 	C:\WINDOWS\SYSTEM32\USERENV.dll
0x00007ffd80ad0000 - 0x00007ffd80ae6000 	C:\WINDOWS\SYSTEM32\dhcpcsvc6.DLL
0x00007ffd80ab0000 - 0x00007ffd80aca000 	C:\WINDOWS\SYSTEM32\dhcpcsvc.DLL

dbghelp: loaded successfully - version: 4.0.5 - missing functions: none
symbol engine: initialized successfully - sym options: 0x614 - pdb path: .;C:\Program Files\Amazon Corretto\jdk11.0.4_10\bin;C:\WINDOWS\SYSTEM32;C:\WINDOWS\WinSxS\amd64_microsoft.windows.common-controls_6595b64144ccf1df_6.0.17134.885_none_fb42a3473065565f;C:\Program Files\Amazon Corretto\jdk11.0.4_10\bin\server

VM Arguments:
jvm_args: -Dcom.sun.management.jmxremote -Dcom.sun.management.jmxremote.port=60173 -Dcom.sun.management.jmxremote.authenticate=false -Dcom.sun.management.jmxremote.ssl=false -Djava.rmi.server.hostname=localhost -Dspring.jmx.enabled=true -Dspring.application.admin.enabled=true -Xverify:none -XX:TieredStopAtLevel=1 -Dfile.encoding=UTF-8 
java_command: pets.PetCloudApplication --spring.output.ansi.enabled=always
java_class_path (initial): C:\Users\Anika\Desktop\Random human\WORK\Spring-Boot\Attmempt-2-MongoDB\petcloud-mongodb\pets\target\classes;C:\Users\Anika\Desktop\Random human\WORK\Spring-Boot\Attmempt-2-MongoDB\petcloud-mongodb\petcloud-data-mongodb\target\classes;C:\Users\Anika\.m2\repository\org\springframework\boot\spring-boot-starter-data-mongodb-reactive\2.0.4.RELEASE\spring-boot-starter-data-mongodb-reactive-2.0.4.RELEASE.jar;C:\Users\Anika\.m2\repository\org\springframework\data\spring-data-mongodb\2.0.9.RELEASE\spring-data-mongodb-2.0.9.RELEASE.jar;C:\Users\Anika\.m2\repository\org\springframework\spring-tx\5.0.8.RELEASE\spring-tx-5.0.8.RELEASE.jar;C:\Users\Anika\.m2\repository\org\springframework\spring-beans\5.0.8.RELEASE\spring-beans-5.0.8.RELEASE.jar;C:\Users\Anika\.m2\repository\org\springframework\spring-expression\5.0.8.RELEASE\spring-expression-5.0.8.RELEASE.jar;C:\Users\Anika\.m2\repository\org\springframework\data\spring-data-commons\2.0.9.RELEASE\spring-data-commons-2.0.9.RELEASE.jar;C:\Users\Anika\.m2\repository\org\mongodb\mongodb-driver\3.6.4\mongodb-driver-3.6.4.jar;C:\Users\Anika\.m2\repository\org\mongodb\bson\3.6.4\bson-3.6.4.jar;C:\Users\Anika\.m2\repository\org\mongodb\mongodb-driver-core\3.6.4\mongodb-driver-core-3.6.4.jar;C:\Users\Anika\.m2\repository\org\mongodb\mongodb-driver-async\3.6.4\mongodb-driver-async-3.6.4.jar;C:\Users\Anika\.m2\repository\org\mongodb\mongodb-driver-reactivestreams\1.7.1\mongodb-driver-reactivestreams-1.7.1.jar;C:\Users\Anika\.m2\repository\org\reactivestreams\reactive-streams\1.0.2\reactive-streams-1.0.2.jar;C:\Users\Anika\.m2\repository\io\projectreactor\reactor-core\3.1.8.RELEASE\reactor-core-3.1.8.RELEASE.jar;C:\Users\Anika\.m2\repository\org\springframework\boot\spring-boot-starter-data-rest\2.0.4.RELEASE\spring-boot-starter-data-rest-2.0.4.RELEASE.jar;C:\Users\Anika\.m2\repository\org\springframework\boot\spring-boot-starter-json\2.0.4.RELEASE\spring-boot-starter-json-2.0.4.RELEASE.jar;C:\Users\Anika\.m2\
Launcher Type: SUN_STANDARD

[Global flags]
     bool BytecodeVerificationLocal                = false                                     {product} {command line}
     bool BytecodeVerificationRemote               = false                                     {product} {command line}
     intx CICompilerCount                          = 4                                         {product} {ergonomic}
     uint ConcGCThreads                            = 2                                         {product} {ergonomic}
     uint G1ConcRefinementThreads                  = 8                                         {product} {ergonomic}
   size_t G1HeapRegionSize                         = 1048576                                   {product} {ergonomic}
    uintx GCDrainStackTargetSize                   = 64                                        {product} {ergonomic}
   size_t InitialHeapSize                          = 134217728                                 {product} {ergonomic}
     bool ManagementServer                         = true                                      {product} {command line}
   size_t MarkStackSize                            = 4194304                                   {product} {ergonomic}
   size_t MaxHeapSize                              = 2136997888                                {product} {ergonomic}
   size_t MaxNewSize                               = 1281359872                                {product} {ergonomic}
   size_t MinHeapDeltaBytes                        = 1048576                                   {product} {ergonomic}
    uintx NonNMethodCodeHeapSize                   = 7549744                                {pd product} {ergonomic}
    uintx NonProfiledCodeHeapSize                  = 244108496                              {pd product} {ergonomic}
    uintx ProfiledCodeHeapSize                     = 0                                      {pd product} {ergonomic}
    uintx ReservedCodeCacheSize                    = 251658240                              {pd product} {ergonomic}
     bool SegmentedCodeCache                       = true                                      {product} {ergonomic}
     intx TieredStopAtLevel                        = 1                                         {product} {command line}
     bool UseCompressedClassPointers               = true                                 {lp64_product} {ergonomic}
     bool UseCompressedOops                        = true                                 {lp64_product} {ergonomic}
     bool UseG1GC                                  = true                                      {product} {ergonomic}
     bool UseLargePagesIndividualAllocation        = false                                  {pd product} {ergonomic}

Logging:
Log output configuration:
 #0: stdout all=warning uptime,level,tags
 #1: stderr all=off uptime,level,tags

Environment Variables:
JAVA_HOME=C:\Program Files\AdoptOpenJDK\jdk-11.0.3.7-hotspot
PATH=C:/Program Files/Amazon Corretto/jdk11.0.4_10/bin/server;C:/Program Files/Amazon Corretto/jdk11.0.4_10/bin;C:\Program Files\Amazon Corretto\jdk11.0.4_10\bin;C:\Program Files\AdoptOpenJDK\jdk-11.0.3.7-hotspot\bin;C:\Program Files (x86)\Common Files\Oracle\Java\javapath;C:\WINDOWS\system32;C:\WINDOWS;C:\WINDOWS\System32\Wbem;C:\WINDOWS\System32\WindowsPowerShell\v1.0\;C:\WINDOWS\System32\OpenSSH\;C:\Program Files (x86)\NVIDIA Corporation\PhysX\Common;C:\Program Files\nodejs\;C:\Program Files\Amazon Corretto\jdk11.0.4_10\bin;C:\Program Files\apache-maven-3.6.1\bin;C:\Program Files (x86)\Yarn\bin;C:\Program Files\Git\cmd;C:\Users\Anika\AppData\Local\Microsoft\WindowsApps;C:\Users\Anika\AppData\Local\Programs\Microsoft VS Code\bin;C:\Users\Anika\AppData\Roaming\npm;C:\Program Files\AdoptOpenJDK\jdk-11.0.3.7-hotspot\bin;C:\Program Files\apache-maven-3.6.1;;C:\Users\Anika\Desktop\Random human\sts-4.2.2.RELEASE;
USERNAME=Anika
OS=Windows_NT
PROCESSOR_IDENTIFIER=AMD64 Family 23 Model 1 Stepping 1, AuthenticAMD



---------------  S Y S T E M  ---------------

OS: Windows 10 , 64 bit Build 17134 (10.0.17134.753)

CPU:total 8 (initial active 8) (8 cores per cpu, 2 threads per core) family 23 model 1 stepping 1, cmov, cx8, fxsr, mmx, sse, sse2, sse3, ssse3, sse4.1, sse4.2, popcnt, avx, avx2, aes, clmul, mmxext, 3dnowpref, lzcnt, sse4a, ht, tsc, tscinvbit, tscinv, bmi1, bmi2, adx, sha, fma

Memory: 4k page, system-wide physical 8144M (3567M free)
TotalPageFile size 13264M (AvailPageFile size 7230M)
current process WorkingSet (physical memory assigned to process): 194M, peak: 194M
current process commit charge ("private bytes"): 283M, peak: 283M

vm_info: OpenJDK 64-Bit Server VM (11.0.4+11-LTS) for windows-amd64 JRE (11.0.4+11-LTS), built on Jul 11 2019 21:08:18 by "Administrator" with unknown MS VC++:1916

END.
